<?xml version="1.0" encoding="UTF-8"?>
<!-- Generated by org.testng.reporters.JUnitXMLReporter -->
<testsuite ignored="0" hostname="DESKTOP-V3061FL" failures="0" tests="4" name="Test" time="74.712" errors="0" timestamp="2024-03-27T16:51:06 IST">
  <testcase classname="test.TC002_LoginTest" name="loginTest" time="2.472"/>
  <testcase classname="test.TC002_LoginTest" name="loginTest" time="3.401"/>
  <testcase classname="test.TC002_LoginTest" name="loginTest" time="5.36"/>
  <testcase classname="test.TC002_LoginTest" name="loginTest" time="6.843"/>
</testsuite> <!-- Test -->
